<?xml version="1.0" encoding="UTF-8"?>
<coverage generated="1674770423139" clover="3.2.0">
  <project timestamp="1674770423139" name="All files">
    <metrics statements="2" coveredstatements="2" conditionals="0" coveredconditionals="0" methods="0" coveredmethods="0" elements="2" coveredelements="2" complexity="0" loc="2" ncloc="2" packages="1" files="2" classes="2"/>
    <file name="metaDataData.js" path="/Users/joshkrebs/SDC-Atelier/Reviews/tests/metaDataData.js">
      <metrics statements="1" coveredstatements="1" conditionals="0" coveredconditionals="0" methods="0" coveredmethods="0"/>
      <line num="1" count="1" type="stmt"/>
    </file>
    <file name="reviewData.js" path="/Users/joshkrebs/SDC-Atelier/Reviews/tests/reviewData.js">
      <metrics statements="1" coveredstatements="1" conditionals="0" coveredconditionals="0" methods="0" coveredmethods="0"/>
      <line num="1" count="1" type="stmt"/>
    </file>
  </project>
</coverage>
